<?xml version="1.0" encoding="UTF-8"?>
<!-- Generated by org.testng.reporters.JUnitReportReporter -->
<testsuite hostname="RUTS" failures="0" tests="1" name="abc" time="25.442" errors="0" timestamp="2022-05-18T00:59:06 IST" skipped="0">
  <testcase classname="abc" name="module4" time="25.442"/>
  <system-out/>
</testsuite> <!-- abc -->
